mode: set
ssm/grade/grade.go:4.38,5.17 1 1
ssm/grade/grade.go:5.17,7.3 1 1
ssm/grade/grade.go:7.8,7.26 1 1
ssm/grade/grade.go:7.26,9.3 1 1
ssm/grade/grade.go:9.8,9.26 1 1
ssm/grade/grade.go:9.26,11.3 1 1
ssm/grade/grade.go:11.8,11.26 1 1
ssm/grade/grade.go:11.26,13.3 1 1
ssm/grade/grade.go:13.8,13.26 1 1
ssm/grade/grade.go:13.26,15.3 1 1
ssm/grade/grade.go:15.8,15.26 1 1
ssm/grade/grade.go:15.26,17.3 1 1
ssm/grade/grade.go:17.8,17.26 1 1
ssm/grade/grade.go:17.26,19.3 1 1
ssm/grade/grade.go:19.8,21.3 1 1
